# JRE version: OpenJDK Runtime Environment (8.0_292-b10) (build 1.8.0_292-b10)
# Java VM: OpenJDK 64-Bit Server VM (25.292-b10 mixed mode windows-amd64 compressed oops)
Heap:
 PSYoungGen      total 160256K, used 41750K [0x00000000f5580000, 0x0000000100000000, 0x0000000100000000)
  eden space 145408K, 24% used [0x00000000f5580000,0x00000000f78989d8,0x00000000fe380000)
  from space 14848K, 39% used [0x00000000ff180000,0x00000000ff72d050,0x0000000100000000)
  to   space 14336K, 0% used [0x00000000fe380000,0x00000000fe380000,0x00000000ff180000)
 ParOldGen       total 175104K, used 13344K [0x00000000e0000000, 0x00000000eab00000, 0x00000000f5580000)
  object space 175104K, 7% used [0x00000000e0000000,0x00000000e0d08330,0x00000000eab00000)
 Metaspace       used 37044K, capacity 38312K, committed 38400K, reserved 1083392K
  class space    used 5072K, capacity 5371K, committed 5376K, reserved 1048576K
GC Heap History (10 events):
Event: 19.967 GC heap before
{Heap before GC invocations=8 (full 1):
 PSYoungGen      total 119296K, used 116782K [0x00000000f5580000, 0x00000000fd980000, 0x0000000100000000)
  eden space 107008K, 100% used [0x00000000f5580000,0x00000000fbe00000,0x00000000fbe00000)
  from space 12288K, 79% used [0x00000000fca80000,0x00000000fd40bb90,0x00000000fd680000)
  to   space 12800K, 0% used [0x00000000fbe00000,0x00000000fbe00000,0x00000000fca80000)
 ParOldGen       total 175104K, used 8583K [0x00000000e0000000, 0x00000000eab00000, 0x00000000f5580000)
  object space 175104K, 4% used [0x00000000e0000000,0x00000000e0861eb8,0x00000000eab00000)
 Metaspace       used 33635K, capacity 34884K, committed 35072K, reserved 1079296K
  class space    used 4743K, capacity 5054K, committed 5120K, reserved 1048576K
Event: 19.976 GC heap after
Heap after GC invocations=8 (full 1):
 PSYoungGen      total 119808K, used 9306K [0x00000000f5580000, 0x0000000100000000, 0x0000000100000000)
  eden space 107008K, 0% used [0x00000000f5580000,0x00000000f5580000,0x00000000fbe00000)
  from space 12800K, 72% used [0x00000000fbe00000,0x00000000fc716878,0x00000000fca80000)
  to   space 12800K, 0% used [0x00000000ff380000,0x00000000ff380000,0x0000000100000000)
 ParOldGen       total 175104K, used 8591K [0x00000000e0000000, 0x00000000eab00000, 0x00000000f5580000)
  object space 175104K, 4% used [0x00000000e0000000,0x00000000e0863eb8,0x00000000eab00000)
 Metaspace       used 33635K, capacity 34884K, committed 35072K, reserved 1079296K
  class space    used 4743K, capacity 5054K, committed 5120K, reserved 1048576K
}
Event: 21.255 GC heap before
{Heap before GC invocations=9 (full 1):
 PSYoungGen      total 119808K, used 116314K [0x00000000f5580000, 0x0000000100000000, 0x0000000100000000)
  eden space 107008K, 100% used [0x00000000f5580000,0x00000000fbe00000,0x00000000fbe00000)
  from space 12800K, 72% used [0x00000000fbe00000,0x00000000fc716878,0x00000000fca80000)
  to   space 12800K, 0% used [0x00000000ff380000,0x00000000ff380000,0x0000000100000000)
 ParOldGen       total 175104K, used 8591K [0x00000000e0000000, 0x00000000eab00000, 0x00000000f5580000)
  object space 175104K, 4% used [0x00000000e0000000,0x00000000e0863eb8,0x00000000eab00000)
 Metaspace       used 33635K, capacity 34884K, committed 35072K, reserved 1079296K
  class space    used 4743K, capacity 5054K, committed 5120K, reserved 1048576K
Event: 21.267 GC heap after
Heap after GC invocations=9 (full 1):
 PSYoungGen      total 159744K, used 11723K [0x00000000f5580000, 0x0000000100000000, 0x0000000100000000)
  eden space 146944K, 0% used [0x00000000f5580000,0x00000000f5580000,0x00000000fe500000)
  from space 12800K, 91% used [0x00000000ff380000,0x00000000ffef2e28,0x0000000100000000)
  to   space 13824K, 0% used [0x00000000fe500000,0x00000000fe500000,0x00000000ff280000)
 ParOldGen       total 175104K, used 8599K [0x00000000e0000000, 0x00000000eab00000, 0x00000000f5580000)
  object space 175104K, 4% used [0x00000000e0000000,0x00000000e0865eb8,0x00000000eab00000)
 Metaspace       used 33635K, capacity 34884K, committed 35072K, reserved 1079296K
  class space    used 4743K, capacity 5054K, committed 5120K, reserved 1048576K
}
Event: 21.957 GC heap before
{Heap before GC invocations=10 (full 1):
 PSYoungGen      total 159744K, used 60410K [0x00000000f5580000, 0x0000000100000000, 0x0000000100000000)
  eden space 146944K, 33% used [0x00000000f5580000,0x00000000f850bd88,0x00000000fe500000)
  from space 12800K, 91% used [0x00000000ff380000,0x00000000ffef2e28,0x0000000100000000)
  to   space 13824K, 0% used [0x00000000fe500000,0x00000000fe500000,0x00000000ff280000)
 ParOldGen       total 175104K, used 8599K [0x00000000e0000000, 0x00000000eab00000, 0x00000000f5580000)
  object space 175104K, 4% used [0x00000000e0000000,0x00000000e0865eb8,0x00000000eab00000)
 Metaspace       used 34136K, capacity 35344K, committed 35496K, reserved 1079296K
  class space    used 4822K, capacity 5120K, committed 5120K, reserved 1048576K
Event: 21.965 GC heap after
Heap after GC invocations=10 (full 1):
 PSYoungGen      total 147968K, used 970K [0x00000000f5580000, 0x0000000100000000, 0x0000000100000000)
  eden space 146944K, 0% used [0x00000000f5580000,0x00000000f5580000,0x00000000fe500000)
  from space 1024K, 94% used [0x00000000fe500000,0x00000000fe5f2870,0x00000000fe600000)
  to   space 14848K, 0% used [0x00000000ff180000,0x00000000ff180000,0x0000000100000000)
 ParOldGen       total 175104K, used 14076K [0x00000000e0000000, 0x00000000eab00000, 0x00000000f5580000)
  object space 175104K, 8% used [0x00000000e0000000,0x00000000e0dbf040,0x00000000eab00000)
 Metaspace       used 34136K, capacity 35344K, committed 35496K, reserved 1079296K
  class space    used 4822K, capacity 5120K, committed 5120K, reserved 1048576K
}
Event: 21.965 GC heap before
{Heap before GC invocations=11 (full 2):
 PSYoungGen      total 147968K, used 970K [0x00000000f5580000, 0x0000000100000000, 0x0000000100000000)
  eden space 146944K, 0% used [0x00000000f5580000,0x00000000f5580000,0x00000000fe500000)
  from space 1024K, 94% used [0x00000000fe500000,0x00000000fe5f2870,0x00000000fe600000)
  to   space 14848K, 0% used [0x00000000ff180000,0x00000000ff180000,0x0000000100000000)
 ParOldGen       total 175104K, used 14076K [0x00000000e0000000, 0x00000000eab00000, 0x00000000f5580000)
  object space 175104K, 8% used [0x00000000e0000000,0x00000000e0dbf040,0x00000000eab00000)
 Metaspace       used 34136K, capacity 35344K, committed 35496K, reserved 1079296K
  class space    used 4822K, capacity 5120K, committed 5120K, reserved 1048576K
Event: 22.018 GC heap after
Heap after GC invocations=11 (full 2):
 PSYoungGen      total 147968K, used 0K [0x00000000f5580000, 0x0000000100000000, 0x0000000100000000)
  eden space 146944K, 0% used [0x00000000f5580000,0x00000000f5580000,0x00000000fe500000)
  from space 1024K, 0% used [0x00000000fe500000,0x00000000fe500000,0x00000000fe600000)
  to   space 14848K, 0% used [0x00000000ff180000,0x00000000ff180000,0x0000000100000000)
 ParOldGen       total 175104K, used 13336K [0x00000000e0000000, 0x00000000eab00000, 0x00000000f5580000)
  object space 175104K, 7% used [0x00000000e0000000,0x00000000e0d06330,0x00000000eab00000)
 Metaspace       used 34136K, capacity 35344K, committed 35496K, reserved 1079296K
  class space    used 4822K, capacity 5120K, committed 5120K, reserved 1048576K
}
Event: 23.934 GC heap before
{Heap before GC invocations=12 (full 2):
 PSYoungGen      total 147968K, used 146944K [0x00000000f5580000, 0x0000000100000000, 0x0000000100000000)
  eden space 146944K, 100% used [0x00000000f5580000,0x00000000fe500000,0x00000000fe500000)
  from space 1024K, 0% used [0x00000000fe500000,0x00000000fe500000,0x00000000fe600000)
  to   space 14848K, 0% used [0x00000000ff180000,0x00000000ff180000,0x0000000100000000)
 ParOldGen       total 175104K, used 13336K [0x00000000e0000000, 0x00000000eab00000, 0x00000000f5580000)
  object space 175104K, 7% used [0x00000000e0000000,0x00000000e0d06330,0x00000000eab00000)
 Metaspace       used 37041K, capacity 38312K, committed 38400K, reserved 1083392K
  class space    used 5072K, capacity 5371K, committed 5376K, reserved 1048576K
Event: 23.940 GC heap after
Heap after GC invocations=12 (full 2):
 PSYoungGen      total 160256K, used 5812K [0x00000000f5580000, 0x0000000100000000, 0x0000000100000000)
  eden space 145408K, 0% used [0x00000000f5580000,0x00000000f5580000,0x00000000fe380000)
  from space 14848K, 39% used [0x00000000ff180000,0x00000000ff72d050,0x0000000100000000)
  to   space 14336K, 0% used [0x00000000fe380000,0x00000000fe380000,0x00000000ff180000)
 ParOldGen       total 175104K, used 13344K [0x00000000e0000000, 0x00000000eab00000, 0x00000000f5580000)
  object space 175104K, 7% used [0x00000000e0000000,0x00000000e0d08330,0x00000000eab00000)
 Metaspace       used 37041K, capacity 38312K, committed 38400K, reserved 1083392K
  class space    used 5072K, capacity 5371K, committed 5376K, reserved 1048576K
}

